# JRE version: OpenJDK Runtime Environment (21.0.6) (build 21.0.6+-13391695-b895.109)
# Java VM: OpenJDK 64-Bit Server VM (21.0.6+-13391695-b895.109, mixed mode, tiered, compressed oops, compressed class ptrs, g1 gc, windows-amd64)
GC Precious Log:
 CardTable entry size: 512
 Card Set container configuration: InlinePtr #cards 5 size 8 Array Of Cards #cards 12 size 40 Howl #buckets 4 coarsen threshold 1843 Howl Bitmap #cards 512 size 80 coarsen threshold 460 Card regions per heap region 1 cards per card region 2048
 CPUs: 4 total, 4 available
 Memory: 7973M
 Large Page Support: Disabled
 NUMA Support: Disabled
 Compressed Oops: Enabled (32-bit)
 Heap Region Size: 1M
 Heap Min Capacity: 8M
 Heap Initial Capacity: 126M
 Heap Max Capacity: 2G
 Pre-touch: Disabled
 Parallel Workers: 4
 Concurrent Workers: 1
 Concurrent Refinement Workers: 4
 Periodic GC: Disabled
Heap:
 garbage-first heap   total 318464K, used 245339K [0x0000000080000000, 0x0000000100000000)
  region size 1024K, 109 young (111616K), 14 survivors (14336K)
 Metaspace       used 132236K, committed 134272K, reserved 1179648K
  class space    used 17128K, committed 18176K, reserved 1048576K
GC Heap History (20 events):
Event: 450.905 GC heap before
{Heap before GC invocations=52 (full 0):
 garbage-first heap   total 242688K, used 211456K [0x0000000080000000, 0x0000000100000000)
  region size 1024K, 63 young (64512K), 7 survivors (7168K)
 Metaspace       used 125007K, committed 127040K, reserved 1179648K
  class space    used 16524K, committed 17600K, reserved 1048576K
}
Event: 450.919 GC heap after
{Heap after GC invocations=53 (full 0):
 garbage-first heap   total 242688K, used 149233K [0x0000000080000000, 0x0000000100000000)
  region size 1024K, 5 young (5120K), 5 survivors (5120K)
 Metaspace       used 125007K, committed 127040K, reserved 1179648K
  class space    used 16524K, committed 17600K, reserved 1048576K
}
Event: 451.739 GC heap before
{Heap before GC invocations=53 (full 0):
 garbage-first heap   total 242688K, used 211697K [0x0000000080000000, 0x0000000100000000)
  region size 1024K, 66 young (67584K), 5 survivors (5120K)
 Metaspace       used 128802K, committed 130816K, reserved 1179648K
  class space    used 16970K, committed 18048K, reserved 1048576K
}
Event: 451.752 GC heap after
{Heap after GC invocations=54 (full 0):
 garbage-first heap   total 242688K, used 152384K [0x0000000080000000, 0x0000000100000000)
  region size 1024K, 6 young (6144K), 6 survivors (6144K)
 Metaspace       used 128802K, committed 130816K, reserved 1179648K
  class space    used 16970K, committed 18048K, reserved 1048576K
}
Event: 452.447 GC heap before
{Heap before GC invocations=55 (full 0):
 garbage-first heap   total 245760K, used 207680K [0x0000000080000000, 0x0000000100000000)
  region size 1024K, 67 young (68608K), 6 survivors (6144K)
 Metaspace       used 129038K, committed 131072K, reserved 1179648K
  class space    used 16971K, committed 18048K, reserved 1048576K
}
Event: 452.456 GC heap after
{Heap after GC invocations=56 (full 0):
 garbage-first heap   total 294912K, used 145610K [0x0000000080000000, 0x0000000100000000)
  region size 1024K, 2 young (2048K), 2 survivors (2048K)
 Metaspace       used 129038K, committed 131072K, reserved 1179648K
  class space    used 16971K, committed 18048K, reserved 1048576K
}
Event: 453.208 GC heap before
{Heap before GC invocations=56 (full 0):
 garbage-first heap   total 294912K, used 249034K [0x0000000080000000, 0x0000000100000000)
  region size 1024K, 104 young (106496K), 2 survivors (2048K)
 Metaspace       used 129968K, committed 131968K, reserved 1179648K
  class space    used 17015K, committed 18048K, reserved 1048576K
}
Event: 453.223 GC heap after
{Heap after GC invocations=57 (full 0):
 garbage-first heap   total 294912K, used 137743K [0x0000000080000000, 0x0000000100000000)
  region size 1024K, 1 young (1024K), 1 survivors (1024K)
 Metaspace       used 129968K, committed 131968K, reserved 1179648K
  class space    used 17015K, committed 18048K, reserved 1048576K
}
Event: 454.503 GC heap before
{Heap before GC invocations=57 (full 0):
 garbage-first heap   total 294912K, used 225807K [0x0000000080000000, 0x0000000100000000)
  region size 1024K, 89 young (91136K), 1 survivors (1024K)
 Metaspace       used 130317K, committed 132352K, reserved 1179648K
  class space    used 17021K, committed 18112K, reserved 1048576K
}
Event: 454.507 GC heap after
{Heap after GC invocations=58 (full 0):
 garbage-first heap   total 294912K, used 138115K [0x0000000080000000, 0x0000000100000000)
  region size 1024K, 2 young (2048K), 2 survivors (2048K)
 Metaspace       used 130317K, committed 132352K, reserved 1179648K
  class space    used 17021K, committed 18112K, reserved 1048576K
}
Event: 724.880 GC heap before
{Heap before GC invocations=59 (full 0):
 garbage-first heap   total 294912K, used 292739K [0x0000000080000000, 0x0000000100000000)
  region size 1024K, 124 young (126976K), 2 survivors (2048K)
 Metaspace       used 130872K, committed 132864K, reserved 1179648K
  class space    used 17041K, committed 18112K, reserved 1048576K
}
Event: 724.972 GC heap after
{Heap after GC invocations=60 (full 0):
 garbage-first heap   total 310272K, used 150051K [0x0000000080000000, 0x0000000100000000)
  region size 1024K, 15 young (15360K), 15 survivors (15360K)
 Metaspace       used 130872K, committed 132864K, reserved 1179648K
  class space    used 17041K, committed 18112K, reserved 1048576K
}
Event: 727.314 GC heap before
{Heap before GC invocations=60 (full 0):
 garbage-first heap   total 310272K, used 277027K [0x0000000080000000, 0x0000000100000000)
  region size 1024K, 140 young (143360K), 15 survivors (15360K)
 Metaspace       used 131005K, committed 132992K, reserved 1179648K
  class space    used 17041K, committed 18112K, reserved 1048576K
}
Event: 727.407 GC heap after
{Heap after GC invocations=61 (full 0):
 garbage-first heap   total 310272K, used 148200K [0x0000000080000000, 0x0000000100000000)
  region size 1024K, 3 young (3072K), 3 survivors (3072K)
 Metaspace       used 131005K, committed 132992K, reserved 1179648K
  class space    used 17041K, committed 18112K, reserved 1048576K
}
Event: 728.396 GC heap before
{Heap before GC invocations=61 (full 0):
 garbage-first heap   total 310272K, used 283368K [0x0000000080000000, 0x0000000100000000)
  region size 1024K, 136 young (139264K), 3 survivors (3072K)
 Metaspace       used 131134K, committed 133184K, reserved 1179648K
  class space    used 17041K, committed 18112K, reserved 1048576K
}
Event: 728.414 GC heap after
{Heap after GC invocations=62 (full 0):
 garbage-first heap   total 310272K, used 147688K [0x0000000080000000, 0x0000000100000000)
  region size 1024K, 2 young (2048K), 2 survivors (2048K)
 Metaspace       used 131134K, committed 133184K, reserved 1179648K
  class space    used 17041K, committed 18112K, reserved 1048576K
}
Event: 1074.691 GC heap before
{Heap before GC invocations=63 (full 0):
 garbage-first heap   total 310272K, used 308456K [0x0000000080000000, 0x0000000100000000)
  region size 1024K, 128 young (131072K), 2 survivors (2048K)
 Metaspace       used 131683K, committed 133632K, reserved 1179648K
  class space    used 17082K, committed 18112K, reserved 1048576K
}
Event: 1074.754 GC heap after
{Heap after GC invocations=64 (full 0):
 garbage-first heap   total 318464K, used 153250K [0x0000000080000000, 0x0000000100000000)
  region size 1024K, 8 young (8192K), 8 survivors (8192K)
 Metaspace       used 131683K, committed 133632K, reserved 1179648K
  class space    used 17082K, committed 18112K, reserved 1048576K
}
Event: 1095.897 GC heap before
{Heap before GC invocations=64 (full 0):
 garbage-first heap   total 318464K, used 290466K [0x0000000080000000, 0x0000000100000000)
  region size 1024K, 143 young (146432K), 8 survivors (8192K)
 Metaspace       used 132184K, committed 134208K, reserved 1179648K
  class space    used 17128K, committed 18176K, reserved 1048576K
}
Event: 1096.000 GC heap after
{Heap after GC invocations=65 (full 0):
 garbage-first heap   total 318464K, used 150107K [0x0000000080000000, 0x0000000100000000)
  region size 1024K, 14 young (14336K), 14 survivors (14336K)
 Metaspace       used 132184K, committed 134208K, reserved 1179648K
  class space    used 17128K, committed 18176K, reserved 1048576K
}

